# JRE version: OpenJDK Runtime Environment (8.0_242-b01) (build 1.8.0_242-release-1644-b01)
# Java VM: OpenJDK 64-Bit Server VM (25.242-b01 mixed mode windows-amd64 compressed oops)
Heap:
 PSYoungGen      total 193536K, used 96078K [0x00000000d5580000, 0x00000000e3700000, 0x0000000100000000)
  eden space 176640K, 44% used [0x00000000d5580000,0x00000000da2d7448,0x00000000e0200000)
  from space 16896K, 99% used [0x00000000e1800000,0x00000000e287c5f8,0x00000000e2880000)
  to   space 22528K, 0% used [0x00000000e0200000,0x00000000e0200000,0x00000000e1800000)
 ParOldGen       total 220160K, used 20889K [0x0000000080000000, 0x000000008d700000, 0x00000000d5580000)
  object space 220160K, 9% used [0x0000000080000000,0x0000000081466718,0x000000008d700000)
 Metaspace       used 56080K, capacity 58568K, committed 58840K, reserved 1099776K
  class space    used 7622K, capacity 8134K, committed 8192K, reserved 1048576K
GC Heap History (10 events):
Event: 8.943 GC heap before
{Heap before GC invocations=4 (full 1):
 PSYoungGen      total 153088K, used 131584K [0x00000000d5580000, 0x00000000e0000000, 0x0000000100000000)
  eden space 131584K, 100% used [0x00000000d5580000,0x00000000dd600000,0x00000000dd600000)
  from space 21504K, 0% used [0x00000000deb00000,0x00000000deb00000,0x00000000e0000000)
  to   space 21504K, 0% used [0x00000000dd600000,0x00000000dd600000,0x00000000deb00000)
 ParOldGen       total 145408K, used 13642K [0x0000000080000000, 0x0000000088e00000, 0x00000000d5580000)
  object space 145408K, 9% used [0x0000000080000000,0x0000000080d52a40,0x0000000088e00000)
 Metaspace       used 32656K, capacity 33744K, committed 33920K, reserved 1079296K
  class space    used 4435K, capacity 4690K, committed 4736K, reserved 1048576K
Event: 8.948 GC heap after
Heap after GC invocations=4 (full 1):
 PSYoungGen      total 153088K, used 13876K [0x00000000d5580000, 0x00000000e0000000, 0x0000000100000000)
  eden space 131584K, 0% used [0x00000000d5580000,0x00000000d5580000,0x00000000dd600000)
  from space 21504K, 64% used [0x00000000dd600000,0x00000000de38d2f0,0x00000000deb00000)
  to   space 21504K, 0% used [0x00000000deb00000,0x00000000deb00000,0x00000000e0000000)
 ParOldGen       total 145408K, used 13650K [0x0000000080000000, 0x0000000088e00000, 0x00000000d5580000)
  object space 145408K, 9% used [0x0000000080000000,0x0000000080d54a40,0x0000000088e00000)
 Metaspace       used 32656K, capacity 33744K, committed 33920K, reserved 1079296K
  class space    used 4435K, capacity 4690K, committed 4736K, reserved 1048576K
}
Event: 9.088 GC heap before
{Heap before GC invocations=5 (full 1):
 PSYoungGen      total 153088K, used 50661K [0x00000000d5580000, 0x00000000e0000000, 0x0000000100000000)
  eden space 131584K, 27% used [0x00000000d5580000,0x00000000d796c1e8,0x00000000dd600000)
  from space 21504K, 64% used [0x00000000dd600000,0x00000000de38d2f0,0x00000000deb00000)
  to   space 21504K, 0% used [0x00000000deb00000,0x00000000deb00000,0x00000000e0000000)
 ParOldGen       total 145408K, used 13650K [0x0000000080000000, 0x0000000088e00000, 0x00000000d5580000)
  object space 145408K, 9% used [0x0000000080000000,0x0000000080d54a40,0x0000000088e00000)
 Metaspace       used 34194K, capacity 35392K, committed 35416K, reserved 1079296K
  class space    used 4694K, capacity 4973K, committed 4992K, reserved 1048576K
Event: 9.091 GC heap after
Heap after GC invocations=5 (full 1):
 PSYoungGen      total 153088K, used 8356K [0x00000000d5580000, 0x00000000e0000000, 0x0000000100000000)
  eden space 131584K, 0% used [0x00000000d5580000,0x00000000d5580000,0x00000000dd600000)
  from space 21504K, 38% used [0x00000000deb00000,0x00000000df3291f0,0x00000000e0000000)
  to   space 21504K, 0% used [0x00000000dd600000,0x00000000dd600000,0x00000000deb00000)
 ParOldGen       total 145408K, used 13658K [0x0000000080000000, 0x0000000088e00000, 0x00000000d5580000)
  object space 145408K, 9% used [0x0000000080000000,0x0000000080d56a40,0x0000000088e00000)
 Metaspace       used 34194K, capacity 35392K, committed 35416K, reserved 1079296K
  class space    used 4694K, capacity 4973K, committed 4992K, reserved 1048576K
}
Event: 9.091 GC heap before
{Heap before GC invocations=6 (full 2):
 PSYoungGen      total 153088K, used 8356K [0x00000000d5580000, 0x00000000e0000000, 0x0000000100000000)
  eden space 131584K, 0% used [0x00000000d5580000,0x00000000d5580000,0x00000000dd600000)
  from space 21504K, 38% used [0x00000000deb00000,0x00000000df3291f0,0x00000000e0000000)
  to   space 21504K, 0% used [0x00000000dd600000,0x00000000dd600000,0x00000000deb00000)
 ParOldGen       total 145408K, used 13658K [0x0000000080000000, 0x0000000088e00000, 0x00000000d5580000)
  object space 145408K, 9% used [0x0000000080000000,0x0000000080d56a40,0x0000000088e00000)
 Metaspace       used 34194K, capacity 35392K, committed 35416K, reserved 1079296K
  class space    used 4694K, capacity 4973K, committed 4992K, reserved 1048576K
Event: 9.112 GC heap after
Heap after GC invocations=6 (full 2):
 PSYoungGen      total 153088K, used 0K [0x00000000d5580000, 0x00000000e0000000, 0x0000000100000000)
  eden space 131584K, 0% used [0x00000000d5580000,0x00000000d5580000,0x00000000dd600000)
  from space 21504K, 0% used [0x00000000deb00000,0x00000000deb00000,0x00000000e0000000)
  to   space 21504K, 0% used [0x00000000dd600000,0x00000000dd600000,0x00000000deb00000)
 ParOldGen       total 220160K, used 14737K [0x0000000080000000, 0x000000008d700000, 0x00000000d5580000)
  object space 220160K, 6% used [0x0000000080000000,0x0000000080e64590,0x000000008d700000)
 Metaspace       used 34194K, capacity 35392K, committed 35416K, reserved 1079296K
  class space    used 4694K, capacity 4973K, committed 4992K, reserved 1048576K
}
Event: 12.587 GC heap before
{Heap before GC invocations=7 (full 2):
 PSYoungGen      total 153088K, used 131584K [0x00000000d5580000, 0x00000000e0000000, 0x0000000100000000)
  eden space 131584K, 100% used [0x00000000d5580000,0x00000000dd600000,0x00000000dd600000)
  from space 21504K, 0% used [0x00000000deb00000,0x00000000deb00000,0x00000000e0000000)
  to   space 21504K, 0% used [0x00000000dd600000,0x00000000dd600000,0x00000000deb00000)
 ParOldGen       total 220160K, used 14737K [0x0000000080000000, 0x000000008d700000, 0x00000000d5580000)
  object space 220160K, 6% used [0x0000000080000000,0x0000000080e64590,0x000000008d700000)
 Metaspace       used 40381K, capacity 42338K, committed 42584K, reserved 1085440K
  class space    used 5548K, capacity 5912K, committed 6016K, reserved 1048576K
Event: 12.591 GC heap after
Heap after GC invocations=7 (full 2):
 PSYoungGen      total 153088K, used 12827K [0x00000000d5580000, 0x00000000e2880000, 0x0000000100000000)
  eden space 131584K, 0% used [0x00000000d5580000,0x00000000d5580000,0x00000000dd600000)
  from space 21504K, 59% used [0x00000000dd600000,0x00000000de286d78,0x00000000deb00000)
  to   space 16896K, 0% used [0x00000000e1800000,0x00000000e1800000,0x00000000e2880000)
 ParOldGen       total 220160K, used 14745K [0x0000000080000000, 0x000000008d700000, 0x00000000d5580000)
  object space 220160K, 6% used [0x0000000080000000,0x0000000080e66590,0x000000008d700000)
 Metaspace       used 40381K, capacity 42338K, committed 42584K, reserved 1085440K
  class space    used 5548K, capacity 5912K, committed 6016K, reserved 1048576K
}
Event: 13.564 GC heap before
{Heap before GC invocations=8 (full 2):
 PSYoungGen      total 153088K, used 144411K [0x00000000d5580000, 0x00000000e2880000, 0x0000000100000000)
  eden space 131584K, 100% used [0x00000000d5580000,0x00000000dd600000,0x00000000dd600000)
  from space 21504K, 59% used [0x00000000dd600000,0x00000000de286d78,0x00000000deb00000)
  to   space 16896K, 0% used [0x00000000e1800000,0x00000000e1800000,0x00000000e2880000)
 ParOldGen       total 220160K, used 14745K [0x0000000080000000, 0x000000008d700000, 0x00000000d5580000)
  object space 220160K, 6% used [0x0000000080000000,0x0000000080e66590,0x000000008d700000)
 Metaspace       used 51112K, capacity 53310K, committed 53592K, reserved 1095680K
  class space    used 6818K, capacity 7249K, committed 7296K, reserved 1048576K
Event: 13.573 GC heap after
Heap after GC invocations=8 (full 2):
 PSYoungGen      total 193536K, used 16881K [0x00000000d5580000, 0x00000000e3700000, 0x0000000100000000)
  eden space 176640K, 0% used [0x00000000d5580000,0x00000000d5580000,0x00000000e0200000)
  from space 16896K, 99% used [0x00000000e1800000,0x00000000e287c5f8,0x00000000e2880000)
  to   space 22528K, 0% used [0x00000000e0200000,0x00000000e0200000,0x00000000e1800000)
 ParOldGen       total 220160K, used 20889K [0x0000000080000000, 0x000000008d700000, 0x00000000d5580000)
  object space 220160K, 9% used [0x0000000080000000,0x0000000081466718,0x000000008d700000)
 Metaspace       used 51112K, capacity 53310K, committed 53592K, reserved 1095680K
  class space    used 6818K, capacity 7249K, committed 7296K, reserved 1048576K
}

