# JRE version: OpenJDK Runtime Environment (8.0_242-b01) (build 1.8.0_242-release-1644-b01)
# Java VM: OpenJDK 64-Bit Server VM (25.242-b01 mixed mode windows-amd64 compressed oops)
Heap:
 PSYoungGen      total 639488K, used 384659K [0x00000000d5580000, 0x0000000100000000, 0x0000000100000000)
  eden space 578560K, 60% used [0x00000000d5580000,0x00000000eae186b0,0x00000000f8a80000)
  from space 60928K, 52% used [0x00000000fc480000,0x00000000fe38c920,0x0000000100000000)
  to   space 59392K, 0% used [0x00000000f8a80000,0x00000000f8a80000,0x00000000fc480000)
 ParOldGen       total 589312K, used 96424K [0x0000000080000000, 0x00000000a3f80000, 0x00000000d5580000)
  object space 589312K, 16% used [0x0000000080000000,0x0000000085e2a028,0x00000000a3f80000)
 Metaspace       used 97196K, capacity 101902K, committed 102104K, reserved 1138688K
  class space    used 12621K, capacity 13475K, committed 13568K, reserved 1048576K
GC Heap History (10 events):
Event: 53.795 GC heap before
{Heap before GC invocations=12 (full 3):
 PSYoungGen      total 442880K, used 442637K [0x00000000d5580000, 0x00000000f3480000, 0x0000000100000000)
  eden space 419328K, 100% used [0x00000000d5580000,0x00000000eef00000,0x00000000eef00000)
  from space 23552K, 98% used [0x00000000f1d80000,0x00000000f3443580,0x00000000f3480000)
  to   space 29184K, 0% used [0x00000000efb80000,0x00000000efb80000,0x00000000f1800000)
 ParOldGen       total 407040K, used 34032K [0x0000000080000000, 0x0000000098d80000, 0x00000000d5580000)
  object space 407040K, 8% used [0x0000000080000000,0x000000008213c2d0,0x0000000098d80000)
 Metaspace       used 72730K, capacity 75966K, committed 76248K, reserved 1116160K
  class space    used 9846K, capacity 10456K, committed 10496K, reserved 1048576K
Event: 53.821 GC heap after
Heap after GC invocations=12 (full 3):
 PSYoungGen      total 461312K, used 29176K [0x00000000d5580000, 0x00000000fc380000, 0x0000000100000000)
  eden space 432128K, 0% used [0x00000000d5580000,0x00000000d5580000,0x00000000efb80000)
  from space 29184K, 99% used [0x00000000efb80000,0x00000000f17fe268,0x00000000f1800000)
  to   space 36352K, 0% used [0x00000000fa000000,0x00000000fa000000,0x00000000fc380000)
 ParOldGen       total 407040K, used 41820K [0x0000000080000000, 0x0000000098d80000, 0x00000000d5580000)
  object space 407040K, 10% used [0x0000000080000000,0x00000000828d7340,0x0000000098d80000)
 Metaspace       used 72730K, capacity 75966K, committed 76248K, reserved 1116160K
  class space    used 9846K, capacity 10456K, committed 10496K, reserved 1048576K
}
Event: 82.617 GC heap before
{Heap before GC invocations=13 (full 3):
 PSYoungGen      total 461312K, used 461304K [0x00000000d5580000, 0x00000000fc380000, 0x0000000100000000)
  eden space 432128K, 100% used [0x00000000d5580000,0x00000000efb80000,0x00000000efb80000)
  from space 29184K, 99% used [0x00000000efb80000,0x00000000f17fe268,0x00000000f1800000)
  to   space 36352K, 0% used [0x00000000fa000000,0x00000000fa000000,0x00000000fc380000)
 ParOldGen       total 407040K, used 41820K [0x0000000080000000, 0x0000000098d80000, 0x00000000d5580000)
  object space 407040K, 10% used [0x0000000080000000,0x00000000828d7340,0x0000000098d80000)
 Metaspace       used 77873K, capacity 81290K, committed 81624K, reserved 1120256K
  class space    used 10495K, capacity 11172K, committed 11264K, reserved 1048576K
Event: 82.693 GC heap after
Heap after GC invocations=13 (full 3):
 PSYoungGen      total 589312K, used 36340K [0x00000000d5580000, 0x00000000fdc00000, 0x0000000100000000)
  eden space 552960K, 0% used [0x00000000d5580000,0x00000000d5580000,0x00000000f7180000)
  from space 36352K, 99% used [0x00000000fa000000,0x00000000fc37d1b0,0x00000000fc380000)
  to   space 47616K, 0% used [0x00000000f7180000,0x00000000f7180000,0x00000000fa000000)
 ParOldGen       total 407040K, used 59738K [0x0000000080000000, 0x0000000098d80000, 0x00000000d5580000)
  object space 407040K, 14% used [0x0000000080000000,0x0000000083a56968,0x0000000098d80000)
 Metaspace       used 77873K, capacity 81290K, committed 81624K, reserved 1120256K
  class space    used 10495K, capacity 11172K, committed 11264K, reserved 1048576K
}
Event: 96.950 GC heap before
{Heap before GC invocations=14 (full 3):
 PSYoungGen      total 589312K, used 565322K [0x00000000d5580000, 0x00000000fdc00000, 0x0000000100000000)
  eden space 552960K, 95% used [0x00000000d5580000,0x00000000f5a157c0,0x00000000f7180000)
  from space 36352K, 99% used [0x00000000fa000000,0x00000000fc37d1b0,0x00000000fc380000)
  to   space 47616K, 0% used [0x00000000f7180000,0x00000000f7180000,0x00000000fa000000)
 ParOldGen       total 407040K, used 59738K [0x0000000080000000, 0x0000000098d80000, 0x00000000d5580000)
  object space 407040K, 14% used [0x0000000080000000,0x0000000083a56968,0x0000000098d80000)
 Metaspace       used 93495K, capacity 98318K, committed 98380K, reserved 1134592K
  class space    used 12398K, capacity 13283K, committed 13312K, reserved 1048576K
Event: 97.019 GC heap after
Heap after GC invocations=14 (full 3):
 PSYoungGen      total 600576K, used 47609K [0x00000000d5580000, 0x0000000100000000, 0x0000000100000000)
  eden space 552960K, 0% used [0x00000000d5580000,0x00000000d5580000,0x00000000f7180000)
  from space 47616K, 99% used [0x00000000f7180000,0x00000000f9ffe750,0x00000000fa000000)
  to   space 60928K, 0% used [0x00000000fc480000,0x00000000fc480000,0x0000000100000000)
 ParOldGen       total 407040K, used 77908K [0x0000000080000000, 0x0000000098d80000, 0x00000000d5580000)
  object space 407040K, 19% used [0x0000000080000000,0x0000000084c15308,0x0000000098d80000)
 Metaspace       used 93495K, capacity 98318K, committed 98380K, reserved 1134592K
  class space    used 12398K, capacity 13283K, committed 13312K, reserved 1048576K
}
Event: 97.019 GC heap before
{Heap before GC invocations=15 (full 4):
 PSYoungGen      total 600576K, used 47609K [0x00000000d5580000, 0x0000000100000000, 0x0000000100000000)
  eden space 552960K, 0% used [0x00000000d5580000,0x00000000d5580000,0x00000000f7180000)
  from space 47616K, 99% used [0x00000000f7180000,0x00000000f9ffe750,0x00000000fa000000)
  to   space 60928K, 0% used [0x00000000fc480000,0x00000000fc480000,0x0000000100000000)
 ParOldGen       total 407040K, used 77908K [0x0000000080000000, 0x0000000098d80000, 0x00000000d5580000)
  object space 407040K, 19% used [0x0000000080000000,0x0000000084c15308,0x0000000098d80000)
 Metaspace       used 93495K, capacity 98318K, committed 98380K, reserved 1134592K
  class space    used 12398K, capacity 13283K, committed 13312K, reserved 1048576K
Event: 97.417 GC heap after
Heap after GC invocations=15 (full 4):
 PSYoungGen      total 600576K, used 0K [0x00000000d5580000, 0x0000000100000000, 0x0000000100000000)
  eden space 552960K, 0% used [0x00000000d5580000,0x00000000d5580000,0x00000000f7180000)
  from space 47616K, 0% used [0x00000000f7180000,0x00000000f7180000,0x00000000fa000000)
  to   space 60928K, 0% used [0x00000000fc480000,0x00000000fc480000,0x0000000100000000)
 ParOldGen       total 589312K, used 96416K [0x0000000080000000, 0x00000000a3f80000, 0x00000000d5580000)
  object space 589312K, 16% used [0x0000000080000000,0x0000000085e28028,0x00000000a3f80000)
 Metaspace       used 93105K, capacity 97658K, committed 98380K, reserved 1134592K
  class space    used 12329K, capacity 13159K, committed 13312K, reserved 1048576K
}
Event: 112.256 GC heap before
{Heap before GC invocations=16 (full 4):
 PSYoungGen      total 600576K, used 552960K [0x00000000d5580000, 0x0000000100000000, 0x0000000100000000)
  eden space 552960K, 100% used [0x00000000d5580000,0x00000000f7180000,0x00000000f7180000)
  from space 47616K, 0% used [0x00000000f7180000,0x00000000f7180000,0x00000000fa000000)
  to   space 60928K, 0% used [0x00000000fc480000,0x00000000fc480000,0x0000000100000000)
 ParOldGen       total 589312K, used 96416K [0x0000000080000000, 0x00000000a3f80000, 0x00000000d5580000)
  object space 589312K, 16% used [0x0000000080000000,0x0000000085e28028,0x00000000a3f80000)
 Metaspace       used 96319K, capacity 100964K, committed 101336K, reserved 1136640K
  class space    used 12521K, capacity 13384K, committed 13568K, reserved 1048576K
Event: 112.390 GC heap after
Heap after GC invocations=16 (full 4):
 PSYoungGen      total 639488K, used 31794K [0x00000000d5580000, 0x0000000100000000, 0x0000000100000000)
  eden space 578560K, 0% used [0x00000000d5580000,0x00000000d5580000,0x00000000f8a80000)
  from space 60928K, 52% used [0x00000000fc480000,0x00000000fe38c920,0x0000000100000000)
  to   space 59392K, 0% used [0x00000000f8a80000,0x00000000f8a80000,0x00000000fc480000)
 ParOldGen       total 589312K, used 96424K [0x0000000080000000, 0x00000000a3f80000, 0x00000000d5580000)
  object space 589312K, 16% used [0x0000000080000000,0x0000000085e2a028,0x00000000a3f80000)
 Metaspace       used 96319K, capacity 100964K, committed 101336K, reserved 1136640K
  class space    used 12521K, capacity 13384K, committed 13568K, reserved 1048576K
}

