# JRE version: OpenJDK Runtime Environment (8.0_242-b01) (build 1.8.0_242-release-1644-b01)
# Java VM: OpenJDK 64-Bit Server VM (25.242-b01 mixed mode windows-amd64 compressed oops)
Heap:
 PSYoungGen      total 505344K, used 121595K [0x00000000d5580000, 0x00000000fe400000, 0x0000000100000000)
  eden space 334336K, 36% used [0x00000000d5580000,0x00000000dcc3eda8,0x00000000e9c00000)
  from space 171008K, 0% used [0x00000000f3a00000,0x00000000f3a00000,0x00000000fe100000)
  to   space 161792K, 0% used [0x00000000e9c00000,0x00000000e9c00000,0x00000000f3a00000)
 ParOldGen       total 992256K, used 127442K [0x0000000080000000, 0x00000000bc900000, 0x00000000d5580000)
  object space 992256K, 12% used [0x0000000080000000,0x0000000087c74b60,0x00000000bc900000)
 Metaspace       used 156779K, capacity 165704K, committed 168664K, reserved 1196032K
  class space    used 20593K, capacity 22338K, committed 23040K, reserved 1048576K
GC Heap History (10 events):
Event: 2475.418 GC heap before
{Heap before GC invocations=29 (full 4):
 PSYoungGen      total 491520K, used 319590K [0x00000000d5580000, 0x0000000100000000, 0x0000000100000000)
  eden space 282112K, 100% used [0x00000000d5580000,0x00000000e6900000,0x00000000e6900000)
  from space 209408K, 17% used [0x00000000f2e80000,0x00000000f5319b78,0x00000000ffb00000)
  to   space 202240K, 0% used [0x00000000e6900000,0x00000000e6900000,0x00000000f2e80000)
 ParOldGen       total 798208K, used 384005K [0x0000000080000000, 0x00000000b0b80000, 0x00000000d5580000)
  object space 798208K, 48% used [0x0000000080000000,0x0000000097701748,0x00000000b0b80000)
 Metaspace       used 149123K, capacity 158886K, committed 159064K, reserved 1187840K
  class space    used 19599K, capacity 21534K, committed 21632K, reserved 1048576K
Event: 2475.434 GC heap after
Heap after GC invocations=29 (full 4):
 PSYoungGen      total 331776K, used 49658K [0x00000000d5580000, 0x00000000fe600000, 0x0000000100000000)
  eden space 282112K, 0% used [0x00000000d5580000,0x00000000d5580000,0x00000000e6900000)
  from space 49664K, 99% used [0x00000000e6900000,0x00000000e997e910,0x00000000e9980000)
  to   space 192512K, 0% used [0x00000000f2a00000,0x00000000f2a00000,0x00000000fe600000)
 ParOldGen       total 798208K, used 384013K [0x0000000080000000, 0x00000000b0b80000, 0x00000000d5580000)
  object space 798208K, 48% used [0x0000000080000000,0x0000000097703748,0x00000000b0b80000)
 Metaspace       used 149123K, capacity 158886K, committed 159064K, reserved 1187840K
  class space    used 19599K, capacity 21534K, committed 21632K, reserved 1048576K
}
Event: 2475.813 GC heap before
{Heap before GC invocations=30 (full 4):
 PSYoungGen      total 331776K, used 331770K [0x00000000d5580000, 0x00000000fe600000, 0x0000000100000000)
  eden space 282112K, 100% used [0x00000000d5580000,0x00000000e6900000,0x00000000e6900000)
  from space 49664K, 99% used [0x00000000e6900000,0x00000000e997e910,0x00000000e9980000)
  to   space 192512K, 0% used [0x00000000f2a00000,0x00000000f2a00000,0x00000000fe600000)
 ParOldGen       total 798208K, used 384013K [0x0000000080000000, 0x00000000b0b80000, 0x00000000d5580000)
  object space 798208K, 48% used [0x0000000080000000,0x0000000097703748,0x00000000b0b80000)
 Metaspace       used 149329K, capacity 159074K, committed 159320K, reserved 1187840K
  class space    used 19619K, capacity 21555K, committed 21632K, reserved 1048576K
Event: 2475.830 GC heap after
Heap after GC invocations=30 (full 4):
 PSYoungGen      total 491008K, used 58502K [0x00000000d5580000, 0x00000000fed80000, 0x0000000100000000)
  eden space 298496K, 0% used [0x00000000d5580000,0x00000000d5580000,0x00000000e7900000)
  from space 192512K, 30% used [0x00000000f2a00000,0x00000000f6321ad0,0x00000000fe600000)
  to   space 181248K, 0% used [0x00000000e7900000,0x00000000e7900000,0x00000000f2a00000)
 ParOldGen       total 798208K, used 384021K [0x0000000080000000, 0x00000000b0b80000, 0x00000000d5580000)
  object space 798208K, 48% used [0x0000000080000000,0x0000000097705748,0x00000000b0b80000)
 Metaspace       used 149329K, capacity 159074K, committed 159320K, reserved 1187840K
  class space    used 19619K, capacity 21555K, committed 21632K, reserved 1048576K
}
Event: 2476.649 GC heap before
{Heap before GC invocations=31 (full 4):
 PSYoungGen      total 491008K, used 356998K [0x00000000d5580000, 0x00000000fed80000, 0x0000000100000000)
  eden space 298496K, 100% used [0x00000000d5580000,0x00000000e7900000,0x00000000e7900000)
  from space 192512K, 30% used [0x00000000f2a00000,0x00000000f6321ad0,0x00000000fe600000)
  to   space 181248K, 0% used [0x00000000e7900000,0x00000000e7900000,0x00000000f2a00000)
 ParOldGen       total 798208K, used 384021K [0x0000000080000000, 0x00000000b0b80000, 0x00000000d5580000)
  object space 798208K, 48% used [0x0000000080000000,0x0000000097705748,0x00000000b0b80000)
 Metaspace       used 150157K, capacity 159970K, committed 160216K, reserved 1187840K
  class space    used 19674K, capacity 21634K, committed 21760K, reserved 1048576K
Event: 2476.668 GC heap after
Heap after GC invocations=31 (full 4):
 PSYoungGen      total 479744K, used 61760K [0x00000000d5580000, 0x00000000fe100000, 0x0000000100000000)
  eden space 298496K, 0% used [0x00000000d5580000,0x00000000d5580000,0x00000000e7900000)
  from space 181248K, 34% used [0x00000000e7900000,0x00000000eb5500d8,0x00000000f2a00000)
  to   space 171008K, 0% used [0x00000000f3a00000,0x00000000f3a00000,0x00000000fe100000)
 ParOldGen       total 798208K, used 384029K [0x0000000080000000, 0x00000000b0b80000, 0x00000000d5580000)
  object space 798208K, 48% used [0x0000000080000000,0x0000000097707748,0x00000000b0b80000)
 Metaspace       used 150157K, capacity 159970K, committed 160216K, reserved 1187840K
  class space    used 19674K, capacity 21634K, committed 21760K, reserved 1048576K
}
Event: 2476.851 GC heap before
{Heap before GC invocations=32 (full 4):
 PSYoungGen      total 479744K, used 119305K [0x00000000d5580000, 0x00000000fe100000, 0x0000000100000000)
  eden space 298496K, 19% used [0x00000000d5580000,0x00000000d8db2480,0x00000000e7900000)
  from space 181248K, 34% used [0x00000000e7900000,0x00000000eb5500d8,0x00000000f2a00000)
  to   space 171008K, 0% used [0x00000000f3a00000,0x00000000f3a00000,0x00000000fe100000)
 ParOldGen       total 798208K, used 384029K [0x0000000080000000, 0x00000000b0b80000, 0x00000000d5580000)
  object space 798208K, 48% used [0x0000000080000000,0x0000000097707748,0x00000000b0b80000)
 Metaspace       used 153622K, capacity 164084K, committed 164160K, reserved 1191936K
  class space    used 20215K, capacity 22259K, committed 22272K, reserved 1048576K
Event: 2476.869 GC heap after
Heap after GC invocations=32 (full 4):
 PSYoungGen      total 505344K, used 59046K [0x00000000d5580000, 0x00000000fe400000, 0x0000000100000000)
  eden space 334336K, 0% used [0x00000000d5580000,0x00000000d5580000,0x00000000e9c00000)
  from space 171008K, 34% used [0x00000000f3a00000,0x00000000f73a98a0,0x00000000fe100000)
  to   space 161792K, 0% used [0x00000000e9c00000,0x00000000e9c00000,0x00000000f3a00000)
 ParOldGen       total 798208K, used 384037K [0x0000000080000000, 0x00000000b0b80000, 0x00000000d5580000)
  object space 798208K, 48% used [0x0000000080000000,0x0000000097709748,0x00000000b0b80000)
 Metaspace       used 153622K, capacity 164084K, committed 164160K, reserved 1191936K
  class space    used 20215K, capacity 22259K, committed 22272K, reserved 1048576K
}
Event: 2476.869 GC heap before
{Heap before GC invocations=33 (full 5):
 PSYoungGen      total 505344K, used 59046K [0x00000000d5580000, 0x00000000fe400000, 0x0000000100000000)
  eden space 334336K, 0% used [0x00000000d5580000,0x00000000d5580000,0x00000000e9c00000)
  from space 171008K, 34% used [0x00000000f3a00000,0x00000000f73a98a0,0x00000000fe100000)
  to   space 161792K, 0% used [0x00000000e9c00000,0x00000000e9c00000,0x00000000f3a00000)
 ParOldGen       total 798208K, used 384037K [0x0000000080000000, 0x00000000b0b80000, 0x00000000d5580000)
  object space 798208K, 48% used [0x0000000080000000,0x0000000097709748,0x00000000b0b80000)
 Metaspace       used 153622K, capacity 164084K, committed 164160K, reserved 1191936K
  class space    used 20215K, capacity 22259K, committed 22272K, reserved 1048576K
Event: 2477.082 GC heap after
Heap after GC invocations=33 (full 5):
 PSYoungGen      total 505344K, used 0K [0x00000000d5580000, 0x00000000fe400000, 0x0000000100000000)
  eden space 334336K, 0% used [0x00000000d5580000,0x00000000d5580000,0x00000000e9c00000)
  from space 171008K, 0% used [0x00000000f3a00000,0x00000000f3a00000,0x00000000fe100000)
  to   space 161792K, 0% used [0x00000000e9c00000,0x00000000e9c00000,0x00000000f3a00000)
 ParOldGen       total 992256K, used 127442K [0x0000000080000000, 0x00000000bc900000, 0x00000000d5580000)
  object space 992256K, 12% used [0x0000000080000000,0x0000000087c74b60,0x00000000bc900000)
 Metaspace       used 150326K, capacity 157344K, committed 164160K, reserved 1191936K
  class space    used 19396K, capacity 20794K, committed 22272K, reserved 1048576K
}

